2025-07-29T14:29:36.668+02:00  INFO 14136 --- [cinevelvet] [restartedMain] com.cinevelvet.CinevelvetApplication     : Starting CinevelvetApplication using Java 21.0.4 with PID 14136 (C:\Users\maria\OneDrive\Escritorio\CineVelvet\CineVelvet\cinevelvet-backend\target\classes started by maria in C:\Users\maria\OneDrive\Escritorio\CineVelvet\CineVelvet\cinevelvet-backend)
2025-07-29T14:29:36.676+02:00 DEBUG 14136 --- [cinevelvet] [restartedMain] com.cinevelvet.CinevelvetApplication     : Running with Spring Boot v3.4.4, Spring v6.2.5
2025-07-29T14:29:36.677+02:00  INFO 14136 --- [cinevelvet] [restartedMain] com.cinevelvet.CinevelvetApplication     : No active profile set, falling back to 1 default profile: "default"
2025-07-29T14:29:36.743+02:00  INFO 14136 --- [cinevelvet] [restartedMain] .e.DevToolsPropertyDefaultsPostProcessor : Devtools property defaults active! Set 'spring.devtools.add-properties' to 'false' to disable
2025-07-29T14:29:36.744+02:00  INFO 14136 --- [cinevelvet] [restartedMain] .e.DevToolsPropertyDefaultsPostProcessor : For additional web related logging consider setting the 'logging.level.web' property to 'DEBUG'
2025-07-29T14:29:37.643+02:00  INFO 14136 --- [cinevelvet] [restartedMain] .s.d.r.c.RepositoryConfigurationDelegate : Bootstrapping Spring Data JPA repositories in DEFAULT mode.
2025-07-29T14:29:37.695+02:00  INFO 14136 --- [cinevelvet] [restartedMain] .s.d.r.c.RepositoryConfigurationDelegate : Finished Spring Data repository scanning in 47 ms. Found 7 JPA repository interfaces.
2025-07-29T14:29:38.313+02:00  INFO 14136 --- [cinevelvet] [restartedMain] o.s.b.w.embedded.tomcat.TomcatWebServer  : Tomcat initialized with port 8080 (http)
2025-07-29T14:29:38.325+02:00  INFO 14136 --- [cinevelvet] [restartedMain] o.apache.catalina.core.StandardService   : Starting service [Tomcat]
2025-07-29T14:29:38.326+02:00  INFO 14136 --- [cinevelvet] [restartedMain] o.apache.catalina.core.StandardEngine    : Starting Servlet engine: [Apache Tomcat/10.1.39]
2025-07-29T14:29:38.367+02:00  INFO 14136 --- [cinevelvet] [restartedMain] o.a.c.c.C.[Tomcat].[localhost].[/]       : Initializing Spring embedded WebApplicationContext
2025-07-29T14:29:38.367+02:00  INFO 14136 --- [cinevelvet] [restartedMain] w.s.c.ServletWebServerApplicationContext : Root WebApplicationContext: initialization completed in 1623 ms
2025-07-29T14:29:38.680+02:00  INFO 14136 --- [cinevelvet] [restartedMain] o.hibernate.jpa.internal.util.LogHelper  : HHH000204: Processing PersistenceUnitInfo [name: default]
2025-07-29T14:29:38.721+02:00  INFO 14136 --- [cinevelvet] [restartedMain] org.hibernate.Version                    : HHH000412: Hibernate ORM core version 6.6.11.Final
2025-07-29T14:29:38.744+02:00  INFO 14136 --- [cinevelvet] [restartedMain] o.h.c.internal.RegionFactoryInitiator    : HHH000026: Second-level cache disabled
2025-07-29T14:29:38.963+02:00  INFO 14136 --- [cinevelvet] [restartedMain] o.s.o.j.p.SpringPersistenceUnitInfo      : No LoadTimeWeaver setup: ignoring JPA class transformer
2025-07-29T14:29:38.986+02:00  INFO 14136 --- [cinevelvet] [restartedMain] com.zaxxer.hikari.HikariDataSource       : HikariPool-1 - Starting...
2025-07-29T14:29:39.280+02:00  INFO 14136 --- [cinevelvet] [restartedMain] com.zaxxer.hikari.pool.HikariPool        : HikariPool-1 - Added connection com.mysql.cj.jdbc.ConnectionImpl@7fad0a04
2025-07-29T14:29:39.282+02:00  INFO 14136 --- [cinevelvet] [restartedMain] com.zaxxer.hikari.HikariDataSource       : HikariPool-1 - Start completed.
2025-07-29T14:29:39.335+02:00  WARN 14136 --- [cinevelvet] [restartedMain] org.hibernate.orm.deprecation            : HHH90000025: MySQL8Dialect does not need to be specified explicitly using 'hibernate.dialect' (remove the property setting and it will be selected by default)
2025-07-29T14:29:39.338+02:00  WARN 14136 --- [cinevelvet] [restartedMain] org.hibernate.orm.deprecation            : HHH90000026: MySQL8Dialect has been deprecated; use org.hibernate.dialect.MySQLDialect instead
2025-07-29T14:29:39.360+02:00  INFO 14136 --- [cinevelvet] [restartedMain] org.hibernate.orm.connections.pooling    : HHH10001005: Database info:
	Database JDBC URL [Connecting through datasource 'HikariDataSource (HikariPool-1)']
	Database driver: undefined/unknown
	Database version: 8.0
	Autocommit mode: undefined/unknown
	Isolation level: undefined/unknown
	Minimum pool size: undefined/unknown
	Maximum pool size: undefined/unknown
2025-07-29T14:29:40.397+02:00  INFO 14136 --- [cinevelvet] [restartedMain] o.h.e.t.j.p.i.JtaPlatformInitiator       : HHH000489: No JTA platform available (set 'hibernate.transaction.jta.platform' to enable JTA platform integration)
2025-07-29T14:29:40.400+02:00  INFO 14136 --- [cinevelvet] [restartedMain] j.LocalContainerEntityManagerFactoryBean : Initialized JPA EntityManagerFactory for persistence unit 'default'
2025-07-29T14:29:40.977+02:00  WARN 14136 --- [cinevelvet] [restartedMain] JpaBaseConfiguration$JpaWebConfiguration : spring.jpa.open-in-view is enabled by default. Therefore, database queries may be performed during view rendering. Explicitly configure spring.jpa.open-in-view to disable this warning
2025-07-29T14:29:41.748+02:00  INFO 14136 --- [cinevelvet] [restartedMain] o.s.b.d.a.OptionalLiveReloadServer       : LiveReload server is running on port 35729
2025-07-29T14:29:41.764+02:00  INFO 14136 --- [cinevelvet] [restartedMain] o.s.b.a.e.web.EndpointLinksResolver      : Exposing 1 endpoint beneath base path '/actuator'
2025-07-29T14:29:41.846+02:00  INFO 14136 --- [cinevelvet] [restartedMain] o.s.b.w.embedded.tomcat.TomcatWebServer  : Tomcat started on port 8080 (http) with context path '/'
2025-07-29T14:29:41.855+02:00  INFO 14136 --- [cinevelvet] [restartedMain] com.cinevelvet.CinevelvetApplication     : Started CinevelvetApplication in 5.771 seconds (process running for 6.494)
2025-07-29T14:29:42.431+02:00  INFO 14136 --- [cinevelvet] [RMI TCP Connection(4)-192.168.0.15] o.a.c.c.C.[Tomcat].[localhost].[/]       : Initializing Spring DispatcherServlet 'dispatcherServlet'
2025-07-29T14:29:42.432+02:00  INFO 14136 --- [cinevelvet] [RMI TCP Connection(4)-192.168.0.15] o.s.web.servlet.DispatcherServlet        : Initializing Servlet 'dispatcherServlet'
2025-07-29T14:29:42.436+02:00  INFO 14136 --- [cinevelvet] [RMI TCP Connection(4)-192.168.0.15] o.s.web.servlet.DispatcherServlet        : Completed initialization in 4 ms
2025-07-29T14:30:43.240+02:00  INFO 14136 --- [cinevelvet] [File Watcher] rtingClassPathChangeChangedEventListener : Restarting due to 54 class path changes (0 additions, 54 deletions, 0 modifications)
2025-07-29T14:30:43.272+02:00  INFO 14136 --- [cinevelvet] [Thread-5] o.s.b.w.e.tomcat.GracefulShutdown        : Commencing graceful shutdown. Waiting for active requests to complete
2025-07-29T14:30:43.327+02:00  INFO 14136 --- [cinevelvet] [tomcat-shutdown] o.s.b.w.e.tomcat.GracefulShutdown        : Graceful shutdown complete
2025-07-29T14:30:43.339+02:00  INFO 14136 --- [cinevelvet] [Thread-5] j.LocalContainerEntityManagerFactoryBean : Closing JPA EntityManagerFactory for persistence unit 'default'
2025-07-29T14:30:43.353+02:00  INFO 14136 --- [cinevelvet] [Thread-5] com.zaxxer.hikari.HikariDataSource       : HikariPool-1 - Shutdown initiated...
2025-07-29T14:30:43.384+02:00  INFO 14136 --- [cinevelvet] [Thread-5] com.zaxxer.hikari.HikariDataSource       : HikariPool-1 - Shutdown completed.
2025-07-29T14:30:51.633+02:00  INFO 14136 --- [cinevelvet] [restartedMain] com.cinevelvet.CinevelvetApplication     : Starting CinevelvetApplication using Java 21.0.4 with PID 14136 (C:\Users\maria\OneDrive\Escritorio\CineVelvet\CineVelvet\cinevelvet-backend\target\classes started by maria in C:\Users\maria\OneDrive\Escritorio\CineVelvet\CineVelvet\cinevelvet-backend)
2025-07-29T14:30:51.634+02:00 DEBUG 14136 --- [cinevelvet] [restartedMain] com.cinevelvet.CinevelvetApplication     : Running with Spring Boot v3.4.4, Spring v6.2.5
2025-07-29T14:30:51.640+02:00  INFO 14136 --- [cinevelvet] [restartedMain] com.cinevelvet.CinevelvetApplication     : No active profile set, falling back to 1 default profile: "default"
2025-07-29T14:30:53.490+02:00  INFO 14136 --- [cinevelvet] [restartedMain] .s.d.r.c.RepositoryConfigurationDelegate : Bootstrapping Spring Data JPA repositories in DEFAULT mode.
2025-07-29T14:30:53.585+02:00  INFO 14136 --- [cinevelvet] [restartedMain] .s.d.r.c.RepositoryConfigurationDelegate : Finished Spring Data repository scanning in 88 ms. Found 7 JPA repository interfaces.
2025-07-29T14:30:54.212+02:00  INFO 14136 --- [cinevelvet] [restartedMain] o.s.b.w.embedded.tomcat.TomcatWebServer  : Tomcat initialized with port 8080 (http)
2025-07-29T14:30:54.215+02:00  INFO 14136 --- [cinevelvet] [restartedMain] o.apache.catalina.core.StandardService   : Starting service [Tomcat]
2025-07-29T14:30:54.215+02:00  INFO 14136 --- [cinevelvet] [restartedMain] o.apache.catalina.core.StandardEngine    : Starting Servlet engine: [Apache Tomcat/10.1.39]
2025-07-29T14:30:54.264+02:00  INFO 14136 --- [cinevelvet] [restartedMain] o.a.c.c.C.[Tomcat-2].[localhost].[/]     : Initializing Spring embedded WebApplicationContext
2025-07-29T14:30:54.264+02:00  INFO 14136 --- [cinevelvet] [restartedMain] w.s.c.ServletWebServerApplicationContext : Root WebApplicationContext: initialization completed in 2613 ms
2025-07-29T14:30:54.662+02:00  INFO 14136 --- [cinevelvet] [restartedMain] o.hibernate.jpa.internal.util.LogHelper  : HHH000204: Processing PersistenceUnitInfo [name: default]
2025-07-29T14:30:54.670+02:00  INFO 14136 --- [cinevelvet] [restartedMain] o.h.c.internal.RegionFactoryInitiator    : HHH000026: Second-level cache disabled
2025-07-29T14:30:54.698+02:00  INFO 14136 --- [cinevelvet] [restartedMain] o.s.o.j.p.SpringPersistenceUnitInfo      : No LoadTimeWeaver setup: ignoring JPA class transformer
2025-07-29T14:30:54.702+02:00  INFO 14136 --- [cinevelvet] [restartedMain] com.zaxxer.hikari.HikariDataSource       : HikariPool-2 - Starting...
2025-07-29T14:30:54.747+02:00  INFO 14136 --- [cinevelvet] [restartedMain] com.zaxxer.hikari.pool.HikariPool        : HikariPool-2 - Added connection com.mysql.cj.jdbc.ConnectionImpl@43dc326f
2025-07-29T14:30:54.747+02:00  INFO 14136 --- [cinevelvet] [restartedMain] com.zaxxer.hikari.HikariDataSource       : HikariPool-2 - Start completed.
2025-07-29T14:30:54.749+02:00  WARN 14136 --- [cinevelvet] [restartedMain] org.hibernate.orm.deprecation            : HHH90000025: MySQL8Dialect does not need to be specified explicitly using 'hibernate.dialect' (remove the property setting and it will be selected by default)
2025-07-29T14:30:54.749+02:00  WARN 14136 --- [cinevelvet] [restartedMain] org.hibernate.orm.deprecation            : HHH90000026: MySQL8Dialect has been deprecated; use org.hibernate.dialect.MySQLDialect instead
2025-07-29T14:30:54.750+02:00  INFO 14136 --- [cinevelvet] [restartedMain] org.hibernate.orm.connections.pooling    : HHH10001005: Database info:
	Database JDBC URL [Connecting through datasource 'HikariDataSource (HikariPool-2)']
	Database driver: undefined/unknown
	Database version: 8.0
	Autocommit mode: undefined/unknown
	Isolation level: undefined/unknown
	Minimum pool size: undefined/unknown
	Maximum pool size: undefined/unknown
2025-07-29T14:30:54.982+02:00  INFO 14136 --- [cinevelvet] [restartedMain] o.h.e.t.j.p.i.JtaPlatformInitiator       : HHH000489: No JTA platform available (set 'hibernate.transaction.jta.platform' to enable JTA platform integration)
2025-07-29T14:30:54.982+02:00  INFO 14136 --- [cinevelvet] [restartedMain] j.LocalContainerEntityManagerFactoryBean : Initialized JPA EntityManagerFactory for persistence unit 'default'
2025-07-29T14:30:55.345+02:00  WARN 14136 --- [cinevelvet] [restartedMain] JpaBaseConfiguration$JpaWebConfiguration : spring.jpa.open-in-view is enabled by default. Therefore, database queries may be performed during view rendering. Explicitly configure spring.jpa.open-in-view to disable this warning
2025-07-29T14:30:55.951+02:00  INFO 14136 --- [cinevelvet] [restartedMain] o.s.b.d.a.OptionalLiveReloadServer       : LiveReload server is running on port 35729
2025-07-29T14:30:55.962+02:00  INFO 14136 --- [cinevelvet] [restartedMain] o.s.b.a.e.web.EndpointLinksResolver      : Exposing 1 endpoint beneath base path '/actuator'
2025-07-29T14:30:56.023+02:00  INFO 14136 --- [cinevelvet] [restartedMain] o.s.b.w.embedded.tomcat.TomcatWebServer  : Tomcat started on port 8080 (http) with context path '/'
2025-07-29T14:30:56.030+02:00  INFO 14136 --- [cinevelvet] [restartedMain] com.cinevelvet.CinevelvetApplication     : Started CinevelvetApplication in 4.527 seconds (process running for 80.669)
2025-07-29T14:30:56.035+02:00  INFO 14136 --- [cinevelvet] [restartedMain] .ConditionEvaluationDeltaLoggingListener : Condition evaluation unchanged
2025-07-29T14:32:14.288+02:00  INFO 14136 --- [cinevelvet] [http-nio-8080-exec-1] o.a.c.c.C.[Tomcat-2].[localhost].[/]     : Initializing Spring DispatcherServlet 'dispatcherServlet'
2025-07-29T14:32:14.289+02:00  INFO 14136 --- [cinevelvet] [http-nio-8080-exec-1] o.s.web.servlet.DispatcherServlet        : Initializing Servlet 'dispatcherServlet'
2025-07-29T14:32:14.290+02:00  INFO 14136 --- [cinevelvet] [http-nio-8080-exec-1] o.s.web.servlet.DispatcherServlet        : Completed initialization in 1 ms
